
F:\BOARDS\43420_BIO2_PROGRAM\43420_BIO2.obc[31-JUL-12  14:17:35
@31-JUL-12  14:18:51 SN 65428553938829725787
(F 300,301,303

(F 90,156,172,176,186,187,189,200,201,202,204,237,238,239,248,254,255,256 +
?31-JUL-12  14:18:53
@31-JUL-12  14:19:32 SN 24422984989544535753
(O 397,398,
R508=100.20007K(92.919K,105.131K)R 
R516=100.248422K(93.803K,106.027K)R 
R524=100.361414K(93.803K,106.027K)R 
R402=45.131532MEG(500K,)R 
R417=17.593648MEG(500K,)R 
R211#10.636159(,)R 
R211=10.636159(8.049,12.855)AR
R227#11.19205(,)R 
C206=10.212763N(7.999999N,12.000001N)CP
C216=10.420018N(7.999999N,12.000001N)CP
C500=197.461958N(159.999985N,219.99999N)CS
SETCR#(,)IS
SETCR#(,)VS
V230#(,)IS
V230=520.747483M(474.999994M,954.999983M)V 
V230#(,)IS
V231#(,)IS
V231=781.233549M(474.999994M,954.999983M)V 
V231#(,)IS
K500_START#(,)VS
K500_RLY1_NO#(,)VS
K500_RLY1_NO#(,)VS
K500_RLY1_NO=2.000115(1.5,2.5)V 
K500_RLY1_NO#(,)VS
K500_RLY1_NO=62.061187M(-500M,500M)V 
K500_RLY2_NO#(,)VS
K500_RLY2_NO#(,)VS
K500_RLY2_NO=1.99562(1.5,2.5)V 
K500_RLY2_NO#(,)VS
K500_RLY2_NO=65.059699M(-500M,500M)V 
K500_CLEAR#(,)VS
K500_CLEAR#(,)VS
K500_CLEAR#(,)VS
K500_CLEAR#(,)VS
D112_START=2.505441(1.6,5.5)V 
D103_B1=
D108=
D602=
D603=
D604_B1=
D607=
PS_OFF=(1.6,5.5)V 
PS_OPEN=(,)V 
/31-JUL-12  14:19:49
@31-JUL-12  14:25:12 SN 42842937739687688567
R508=100.119586K(92.919K,105.131K)R 
R516=100.280688K(93.803K,106.027K)R 
R524=100.167859K(93.803K,106.027K)R 
R348=269.705688K(245K,300.279K)AR
R407#275.073156K(,)R 
R407=275.073156K(245K,300.279K)AR
R422#277.715156K(,)R 
R422=277.715156K(245K,300.279K)AR
C206=10.015246N(7.999999N,12.000001N)CP
C216=9.881223N(7.999999N,12.000001N)CP
C225=9.818445N(7.999999N,12.000001N)CP
C306=9.788035N(7.999999N,12.000001N)CP
SETCR#(,)IS
SETCR#(,)VS
V230#(,)IS
V230=524.630547M(474.999994M,954.999983M)V 
V230#(,)IS
V231#(,)IS
V231=787.780166M(474.999994M,954.999983M)V 
V231#(,)IS
K500_START#(,)VS
K500_RLY1_NO#(,)VS
K500_RLY1_NO#(,)VS
K500_RLY1_NO=2.000757(1.5,2.5)V 
K500_RLY1_NO#(,)VS
K500_RLY1_NO=64.655624M(-500M,500M)V 
K500_RLY2_NO#(,)VS
K500_RLY2_NO#(,)VS
K500_RLY2_NO=1.99562(1.5,2.5)V 
K500_RLY2_NO#(,)VS
K500_RLY2_NO=65.313049M(-500M,500M)V 
K500_CLEAR#(,)VS
K500_CLEAR#(,)VS
K500_CLEAR#(,)VS
K500_CLEAR#(,)VS
D103_B1=
D108=
D602=
D603=
D604_B1=
D607=
D101_B1=
D102_B1=
D600=
D601=
D605=
PS_OFF=(1.6,5.5)V 
PS_OPEN=(,)V 
"31-JUL-12  14:25:28
]31-jul-12  14:32:13
